  stdafx.cpp
C:\Users\PC-2\Desktop\NetGame\물풍선 수정\Win32Project12\Ballon.h(53,24): warning C4244: '초기화 중': 'float'에서 'int'(으)로 변환하면서 데이터가 손실될 수 있습니다.
  Ballon.cpp
C:\Users\PC-2\Desktop\NetGame\물풍선 수정\Win32Project12\Ballon.h(53,24): warning C4244: '초기화 중': 'float'에서 'int'(으)로 변환하면서 데이터가 손실될 수 있습니다.
  BitMap.cpp
  Block.cpp
  BmpMgr.cpp
  Item.cpp
C:\Users\PC-2\Desktop\NetGame\물풍선 수정\Win32Project12\Item.cpp(28,19): warning C4244: '초기화 중': 'double'에서 'float'(으)로 변환하면서 데이터가 손실될 수 있습니다.
  Obstacle.cpp
  Player.cpp
C:\Users\PC-2\Desktop\NetGame\물풍선 수정\Win32Project12\Player.cpp(583,19): warning C4244: '+=': 'float'에서 'int'(으)로 변환하면서 데이터가 손실될 수 있습니다.
  WaterStream.cpp
C:\Users\PC-2\Desktop\NetGame\물풍선 수정\Win32Project12\WaterStream.cpp(114,21): warning C4244: '-=': 'float'에서 'int'(으)로 변환하면서 데이터가 손실될 수 있습니다.
  Win32Project12.cpp
C:\Users\PC-2\Desktop\NetGame\물풍선 수정\Win32Project12\Win32Project12.cpp(313,22): warning C4018: '<': signed 또는 unsigned가 일치하지 않습니다.
C:\Users\PC-2\Desktop\NetGame\물풍선 수정\Win32Project12\Win32Project12.cpp(334,22): warning C4018: '<': signed 또는 unsigned가 일치하지 않습니다.
C:\Users\PC-2\Desktop\NetGame\물풍선 수정\Win32Project12\Win32Project12.cpp(338,22): warning C4018: '<': signed 또는 unsigned가 일치하지 않습니다.
C:\Users\PC-2\Desktop\NetGame\물풍선 수정\Win32Project12\Win32Project12.cpp(350,22): warning C4018: '<': signed 또는 unsigned가 일치하지 않습니다.
C:\Users\PC-2\Desktop\NetGame\물풍선 수정\Win32Project12\Win32Project12.cpp(355,22): warning C4018: '<': signed 또는 unsigned가 일치하지 않습니다.
  코드를 생성하고 있습니다...
C:\Users\PC-2\Desktop\NetGame\물풍선 수정\Win32Project12\Player.cpp(376): warning C4715: 'CPlayer::GetCurrentIndex': 모든 제어 경로에서 값을 반환하지는 않습니다.
  Win32Project12.vcxproj -> C:\Users\PC-2\Desktop\NetGame\물풍선 수정\Win32Project12\Debug\Win32Project12.exe
