c:\users\als63\desktop\netgame-kmh-mapitem\server\x64\debug\vc143.pdb
c:\users\als63\desktop\netgame-kmh-mapitem\server\x64\debug\vc143.idb
c:\users\als63\desktop\netgame-kmh-mapitem\server\x64\debug\server.obj
c:\users\als63\desktop\netgame-kmh-mapitem\server\x64\debug\player.obj
c:\users\als63\desktop\netgame-kmh-mapitem\server\x64\debug\item.obj
c:\users\als63\desktop\netgame-kmh-mapitem\server\x64\debug\waterstream.obj
c:\users\als63\desktop\netgame-kmh-mapitem\server\x64\debug\stdafx.obj
c:\users\als63\desktop\netgame-kmh-mapitem\server\x64\debug\obstacle.obj
c:\users\als63\desktop\netgame-kmh-mapitem\server\x64\debug\block.obj
c:\users\als63\desktop\netgame-kmh-mapitem\server\x64\debug\ballon.obj
c:\users\als63\desktop\수업\네트워크게임프로그래밍\텀 프로젝트\netgame\server\x64\debug\vc143.pdb
c:\users\als63\desktop\수업\네트워크게임프로그래밍\텀 프로젝트\netgame\server\x64\debug\vc143.idb
c:\users\als63\desktop\수업\네트워크게임프로그래밍\텀 프로젝트\netgame\server\x64\debug\server.obj
c:\users\als63\desktop\수업\네트워크게임프로그래밍\텀 프로젝트\netgame\server\x64\debug\stdafx.obj
c:\users\als63\desktop\수업\네트워크게임프로그래밍\텀 프로젝트\netgame\server\x64\debug\waterstream.obj
c:\users\als63\desktop\수업\네트워크게임프로그래밍\텀 프로젝트\netgame\server\x64\debug\player.obj
c:\users\als63\desktop\수업\네트워크게임프로그래밍\텀 프로젝트\netgame\server\x64\debug\obstacle.obj
c:\users\als63\desktop\수업\네트워크게임프로그래밍\텀 프로젝트\netgame\server\x64\debug\block.obj
c:\users\als63\desktop\수업\네트워크게임프로그래밍\텀 프로젝트\netgame\server\x64\debug\ballon.obj
c:\users\als63\desktop\수업\네트워크게임프로그래밍\텀 프로젝트\netgame\server\x64\debug\item.obj
c:\users\als63\desktop\수업\네트워크게임프로그래밍\텀 프로젝트\git\netgame\server\x64\debug\vc143.pdb
c:\users\als63\desktop\수업\네트워크게임프로그래밍\텀 프로젝트\git\netgame\server\x64\debug\vc143.idb
c:\users\als63\desktop\수업\네트워크게임프로그래밍\텀 프로젝트\git\netgame\server\x64\debug\server.obj
c:\users\als63\desktop\수업\네트워크게임프로그래밍\텀 프로젝트\git\netgame\server\x64\debug\player.obj
c:\users\als63\desktop\수업\네트워크게임프로그래밍\텀 프로젝트\git\netgame\server\x64\debug\stdafx.obj
c:\users\als63\desktop\수업\네트워크게임프로그래밍\텀 프로젝트\git\netgame\server\x64\debug\waterstream.obj
c:\users\als63\desktop\수업\네트워크게임프로그래밍\텀 프로젝트\git\netgame\server\x64\debug\obstacle.obj
c:\users\als63\desktop\수업\네트워크게임프로그래밍\텀 프로젝트\git\netgame\server\x64\debug\item.obj
c:\users\als63\desktop\수업\네트워크게임프로그래밍\텀 프로젝트\git\netgame\server\x64\debug\block.obj
c:\users\als63\desktop\수업\네트워크게임프로그래밍\텀 프로젝트\git\netgame\server\x64\debug\ballon.obj
c:\users\als63\desktop\netgame-kmh-mapitem\server\x64\debug\server.exe
c:\users\als63\desktop\netgame-kmh-mapitem\server\x64\debug\server.ilk
c:\users\als63\desktop\netgame-kmh-mapitem\server\x64\debug\server.pdb
c:\users\als63\desktop\수업\네트워크게임프로그래밍\텀 프로젝트\netgame\server\x64\debug\server.exe
c:\users\als63\desktop\수업\네트워크게임프로그래밍\텀 프로젝트\netgame\server\x64\debug\server.ilk
c:\users\als63\desktop\수업\네트워크게임프로그래밍\텀 프로젝트\netgame\server\x64\debug\server.pdb
c:\users\als63\desktop\수업\네트워크게임프로그래밍\텀 프로젝트\git\netgame\server\x64\debug\server.exe
c:\users\als63\desktop\수업\네트워크게임프로그래밍\텀 프로젝트\git\netgame\server\x64\debug\server.ilk
c:\users\als63\desktop\수업\네트워크게임프로그래밍\텀 프로젝트\git\netgame\server\x64\debug\server.pdb
c:\users\als63\desktop\수업\네트워크게임프로그래밍\텀 프로젝트\git\netgame\server\x64\debug\server.tlog\cl.command.1.tlog
c:\users\als63\desktop\수업\네트워크게임프로그래밍\텀 프로젝트\git\netgame\server\x64\debug\server.tlog\cl.read.1.tlog
c:\users\als63\desktop\수업\네트워크게임프로그래밍\텀 프로젝트\git\netgame\server\x64\debug\server.tlog\cl.write.1.tlog
c:\users\als63\desktop\수업\네트워크게임프로그래밍\텀 프로젝트\git\netgame\server\x64\debug\server.tlog\link.command.1.tlog
c:\users\als63\desktop\수업\네트워크게임프로그래밍\텀 프로젝트\git\netgame\server\x64\debug\server.tlog\link.read.1.tlog
c:\users\als63\desktop\수업\네트워크게임프로그래밍\텀 프로젝트\git\netgame\server\x64\debug\server.tlog\link.write.1.tlog
