  Ballon.cpp
C:\Users\als63\Desktop\NetGame\server\GameUtil\Ballon.h(54,24): warning C4244: '초기화 중': 'float'에서 'int'(으)로 변환하면서 데이터가 손실될 수 있습니다.
  Block.cpp
C:\Users\als63\Desktop\NetGame\server\GameUtil\Ballon.h(54,24): warning C4244: '초기화 중': 'float'에서 'int'(으)로 변환하면서 데이터가 손실될 수 있습니다.
  Item.cpp
C:\Users\als63\Desktop\NetGame\server\GameUtil\Ballon.h(54,24): warning C4244: '초기화 중': 'float'에서 'int'(으)로 변환하면서 데이터가 손실될 수 있습니다.
  Obstacle.cpp
C:\Users\als63\Desktop\NetGame\server\GameUtil\Ballon.h(54,24): warning C4244: '초기화 중': 'float'에서 'int'(으)로 변환하면서 데이터가 손실될 수 있습니다.
  Player.cpp
C:\Users\als63\Desktop\NetGame\server\GameUtil\Ballon.h(54,24): warning C4244: '초기화 중': 'float'에서 'int'(으)로 변환하면서 데이터가 손실될 수 있습니다.
C:\Users\als63\Desktop\NetGame\server\GameUtil\Player.cpp(14,6): warning C4101: 'hMemDC' :참조되지 않은 지역 변수입니다.
C:\Users\als63\Desktop\NetGame\server\GameUtil\Player.cpp(494,15): warning C4244: '+=': 'float'에서 'int'(으)로 변환하면서 데이터가 손실될 수 있습니다.
  WaterStream.cpp
C:\Users\als63\Desktop\NetGame\server\GameUtil\Ballon.h(54,24): warning C4244: '초기화 중': 'float'에서 'int'(으)로 변환하면서 데이터가 손실될 수 있습니다.
C:\Users\als63\Desktop\NetGame\server\GameUtil\WaterStream.cpp(82,17): warning C4244: '-=': 'float'에서 'int'(으)로 변환하면서 데이터가 손실될 수 있습니다.
  stdafx.cpp
C:\Users\als63\Desktop\NetGame\server\GameUtil\Ballon.h(54,24): warning C4244: '초기화 중': 'float'에서 'int'(으)로 변환하면서 데이터가 손실될 수 있습니다.
  server.cpp
C:\Users\als63\Desktop\NetGame\server\GameUtil\Ballon.h(54,24): warning C4244: '초기화 중': 'float'에서 'int'(으)로 변환하면서 데이터가 손실될 수 있습니다.
  코드를 생성하고 있습니다...
  server.vcxproj -> C:\Users\als63\Desktop\NetGame\server\x64\Debug\server.exe
