c:\users\administrator\downloads\크레이지아케이드\win32project12\x64\debug\vc142.pdb
c:\users\administrator\downloads\크레이지아케이드\win32project12\x64\debug\vc142.idb
c:\users\als63\desktop\netgame\물풍선 수정\win32project12\x64\debug\win32project12.pch
c:\users\als63\desktop\netgame\물풍선 수정\win32project12\x64\debug\vc143.pdb
c:\users\als63\desktop\netgame\물풍선 수정\win32project12\x64\debug\vc143.idb
c:\users\als63\desktop\netgame\물풍선 수정\win32project12\x64\debug\stdafx.obj
c:\users\als63\desktop\netgame\물풍선 수정\win32project12\x64\debug\waterstream.obj
c:\users\als63\desktop\netgame\물풍선 수정\win32project12\x64\debug\ui.obj
c:\users\als63\desktop\netgame\물풍선 수정\win32project12\x64\debug\obstacle.obj
c:\users\als63\desktop\netgame\물풍선 수정\win32project12\x64\debug\item.obj
c:\users\als63\desktop\netgame\물풍선 수정\win32project12\x64\debug\common.obj
c:\users\als63\desktop\netgame\물풍선 수정\win32project12\x64\debug\bmpmgr.obj
c:\users\als63\desktop\netgame\물풍선 수정\win32project12\x64\debug\block.obj
c:\users\als63\desktop\netgame\물풍선 수정\win32project12\x64\debug\bitmap.obj
c:\users\als63\desktop\netgame\물풍선 수정\win32project12\x64\debug\ballon.obj
c:\users\als63\desktop\netgame\물풍선 수정\win32project12\x64\debug\win32project12.exe
c:\users\als63\desktop\netgame\물풍선 수정\win32project12\x64\debug\win32project12.ilk
c:\users\als63\desktop\netgame\물풍선 수정\win32project12\x64\debug\win32project12.pdb
c:\users\als63\desktop\netgame\물풍선 수정\win32project12\x64\debug\win32project12.res
c:\users\als63\desktop\netgame\물풍선 수정\win32project12\x64\debug\player.obj
c:\users\als63\desktop\netgame\물풍선 수정\win32project12\x64\debug\win32project12.obj
c:\users\als63\desktop\netgame\물풍선 수정\win32project12\x64\debug\vc142.idb
c:\users\als63\desktop\netgame\물풍선 수정\win32project12\x64\debug\vc142.pdb
c:\users\als63\desktop\netgame\물풍선 수정\win32project12\x64\debug\win32project12.tlog\cl.command.1.tlog
c:\users\als63\desktop\netgame\물풍선 수정\win32project12\x64\debug\win32project12.tlog\cl.read.1.tlog
c:\users\als63\desktop\netgame\물풍선 수정\win32project12\x64\debug\win32project12.tlog\cl.write.1.tlog
c:\users\als63\desktop\netgame\물풍선 수정\win32project12\x64\debug\win32project12.tlog\link.command.1.tlog
c:\users\als63\desktop\netgame\물풍선 수정\win32project12\x64\debug\win32project12.tlog\link.read.1.tlog
c:\users\als63\desktop\netgame\물풍선 수정\win32project12\x64\debug\win32project12.tlog\link.write.1.tlog
c:\users\als63\desktop\netgame\물풍선 수정\win32project12\x64\debug\win32project12.tlog\rc.command.1.tlog
c:\users\als63\desktop\netgame\물풍선 수정\win32project12\x64\debug\win32project12.tlog\rc.read.1.tlog
c:\users\als63\desktop\netgame\물풍선 수정\win32project12\x64\debug\win32project12.tlog\rc.write.1.tlog
