  stdafx.cpp
C:\Users\als63\Desktop\NetGame\물풍선 수정\Win32Project12\Ballon.h(54,24): warning C4244: '초기화 중': 'float'에서 'int'(으)로 변환하면서 데이터가 손실될 수 있습니다.
  Ballon.cpp
C:\Users\als63\Desktop\NetGame\물풍선 수정\Win32Project12\Ballon.h(54,24): warning C4244: '초기화 중': 'float'에서 'int'(으)로 변환하면서 데이터가 손실될 수 있습니다.
  BitMap.cpp
  Block.cpp
  BmpMgr.cpp
  Common.cpp
  Item.cpp
  Obstacle.cpp
  Player.cpp
C:\Users\als63\Desktop\NetGame\물풍선 수정\Win32Project12\Player.cpp(83,19): warning C4244: '인수': 'double'에서 'int'(으)로 변환하면서 데이터가 손실될 수 있습니다.
C:\Users\als63\Desktop\NetGame\물풍선 수정\Win32Project12\Player.cpp(83,9): warning C4244: '인수': 'double'에서 'int'(으)로 변환하면서 데이터가 손실될 수 있습니다.
C:\Users\als63\Desktop\NetGame\물풍선 수정\Win32Project12\Player.cpp(96,19): warning C4244: '인수': 'double'에서 'int'(으)로 변환하면서 데이터가 손실될 수 있습니다.
C:\Users\als63\Desktop\NetGame\물풍선 수정\Win32Project12\Player.cpp(96,9): warning C4244: '인수': 'double'에서 'int'(으)로 변환하면서 데이터가 손실될 수 있습니다.
C:\Users\als63\Desktop\NetGame\물풍선 수정\Win32Project12\Player.cpp(109,19): warning C4244: '인수': 'double'에서 'int'(으)로 변환하면서 데이터가 손실될 수 있습니다.
C:\Users\als63\Desktop\NetGame\물풍선 수정\Win32Project12\Player.cpp(109,9): warning C4244: '인수': 'double'에서 'int'(으)로 변환하면서 데이터가 손실될 수 있습니다.
  UI.cpp
  WaterStream.cpp
C:\Users\als63\Desktop\NetGame\물풍선 수정\Win32Project12\WaterStream.cpp(114,17): warning C4244: '-=': 'float'에서 'int'(으)로 변환하면서 데이터가 손실될 수 있습니다.
  Win32Project12.cpp
  코드를 생성하고 있습니다...
C:\Users\als63\Desktop\NetGame\물풍선 수정\Win32Project12\Player.cpp(404): warning C4715: 'CPlayer::GetCurrentIndex': 모든 제어 경로에서 값을 반환하지는 않습니다.
  Win32Project12.vcxproj -> C:\Users\als63\Desktop\NetGame\물풍선 수정\Win32Project12\x64\Debug\Win32Project12.exe
