빌드 시작: 2022-06-14 오후 11:21:01
     1>2 노드의 "C:\Users\82109\OneDrive\문서\Visual Studio 2015\Projects\Win32Project12\Win32Project12.vcxproj" 프로젝트(Build 대상)입니다.
     1>ClCompile:
         C:\Program Files (x86)\Microsoft Visual Studio 14.0\VC\bin\CL.exe /c /Zi /nologo /W3 /WX- /O2 /Oi /Oy- /GL /D WIN32 /D NDEBUG /D _WINDOWS /D _UNICODE /D UNICODE /Gm- /EHsc /MD /GS /Gy /fp:precise /Zc:wchar_t /Zc:forScope /Zc:inline /Yu"stdafx.h" /Fp"Release\Win32Project12.pch" /Fo"Release\\" /Fd"Release\vc140.pdb" /Gd /TP /analyze- /errorReport:prompt Player.cpp
         Player.cpp
     1>Player.cpp(607): warning C4244: '+=': 'float'에서 'int'(으)로 변환하면서 데이터가 손실될 수 있습니다.
       Link:
         C:\Program Files (x86)\Microsoft Visual Studio 14.0\VC\bin\link.exe /ERRORREPORT:PROMPT /OUT:"C:\Users\82109\OneDrive\문서\Visual Studio 2015\Projects\Win32Project12\Release\Win32Project12.exe" /INCREMENTAL:NO /NOLOGO fmod_vc.lib kernel32.lib user32.lib gdi32.lib winspool.lib comdlg32.lib advapi32.lib shell32.lib ole32.lib oleaut32.lib uuid.lib odbc32.lib odbccp32.lib /MANIFEST /MANIFESTUAC:"level='asInvoker' uiAccess='false'" /manifest:embed /Debug /PDB:"C:\Users\82109\OneDrive\문서\Visual Studio 2015\Projects\Win32Project12\Release\Win32Project12.pdb" /SUBSYSTEM:WINDOWS /OPT:REF /OPT:ICF /LTCG:incremental /TLBID:1 /DYNAMICBASE /NXCOMPAT /IMPLIB:"C:\Users\82109\OneDrive\문서\Visual Studio 2015\Projects\Win32Project12\Release\Win32Project12.lib" /MACHINE:X86 /SAFESEH Release\Win32Project12.res
         Release\Ballon.obj
         Release\BitMap.obj
         Release\Block.obj
         Release\BmpMgr.obj
         Release\Item.obj
         Release\Obstacle.obj
         Release\Player.obj
         Release\SoundMgr.obj
         Release\stdafx.obj
         Release\WaterStream.obj
         Release\Win32Project12.obj
         코드를 생성하고 있습니다.
         2 of 753 functions ( 0.3%) were compiled, the rest were copied from previous compilation.
           0 functions were new in current compilation
           1 functions had inline decision re-evaluated but remain unchanged
         코드를 생성했습니다.
         Win32Project12.vcxproj -> C:\Users\82109\OneDrive\문서\Visual Studio 2015\Projects\Win32Project12\Release\Win32Project12.exe
     1>"C:\Users\82109\OneDrive\문서\Visual Studio 2015\Projects\Win32Project12\Win32Project12.vcxproj" 프로젝트를 빌드했습니다(Build 대상).

빌드했습니다.

경과 시간: 00:00:01.44
