c:\users\gnslg\onedrive\바탕 화면\강의 폴더\2022 2학기\2022년 넷겜플\텀\netgame\server\x64\release\vc143.pdb
c:\users\gnslg\onedrive\바탕 화면\강의 폴더\2022 2학기\2022년 넷겜플\텀\netgame\server\x64\release\server.obj
c:\users\gnslg\onedrive\바탕 화면\강의 폴더\2022 2학기\2022년 넷겜플\텀\netgame\server\x64\release\waterstream.obj
c:\users\gnslg\onedrive\바탕 화면\강의 폴더\2022 2학기\2022년 넷겜플\텀\netgame\server\x64\release\stdafx.obj
c:\users\gnslg\onedrive\바탕 화면\강의 폴더\2022 2학기\2022년 넷겜플\텀\netgame\server\x64\release\player.obj
c:\users\gnslg\onedrive\바탕 화면\강의 폴더\2022 2학기\2022년 넷겜플\텀\netgame\server\x64\release\obstacle.obj
c:\users\gnslg\onedrive\바탕 화면\강의 폴더\2022 2학기\2022년 넷겜플\텀\netgame\server\x64\release\item.obj
c:\users\gnslg\onedrive\바탕 화면\강의 폴더\2022 2학기\2022년 넷겜플\텀\netgame\server\x64\release\block.obj
c:\users\gnslg\onedrive\바탕 화면\강의 폴더\2022 2학기\2022년 넷겜플\텀\netgame\server\x64\release\ballon.obj
c:\users\als63\desktop\수업\네트워크게임프로그래밍\텀 프로젝트\netgame\server\server\x64\release\server.ipdb
c:\users\als63\desktop\수업\네트워크게임프로그래밍\텀 프로젝트\netgame\server\server\x64\release\server.iobj
c:\users\als63\desktop\수업\네트워크게임프로그래밍\텀 프로젝트\netgame\server\x64\release\server.ipdb
c:\users\als63\desktop\수업\네트워크게임프로그래밍\텀 프로젝트\netgame\server\x64\release\server.iobj
c:\users\als63\desktop\수업\네트워크게임프로그래밍\텀 프로젝트\깃\netgame\server\x64\release\server.ipdb
c:\users\als63\desktop\수업\네트워크게임프로그래밍\텀 프로젝트\깃\netgame\server\x64\release\server.iobj
c:\users\gnslg\onedrive\바탕 화면\강의 폴더\2022 2학기\2022년 넷겜플\텀\netgame\server\x64\release\server.exe
c:\users\gnslg\onedrive\바탕 화면\강의 폴더\2022 2학기\2022년 넷겜플\텀\netgame\server\x64\release\server.pdb
c:\users\gnslg\onedrive\바탕 화면\강의 폴더\2022 2학기\2022년 넷겜플\텀\netgame\server\x64\release\server.ipdb
c:\users\gnslg\onedrive\바탕 화면\강의 폴더\2022 2학기\2022년 넷겜플\텀\netgame\server\x64\release\server.iobj
c:\users\gigabyte\onedrive - 한국산업기술대학교\바탕 화면\넷겜프 텀프\netgame\server\x64\release\server.ipdb
c:\users\gigabyte\onedrive - 한국산업기술대학교\바탕 화면\넷겜프 텀프\netgame\server\x64\release\server.iobj
c:\users\gnslg\onedrive\바탕 화면\netgame\server\x64\release\server.ipdb
c:\users\gnslg\onedrive\바탕 화면\netgame\server\x64\release\server.iobj
c:\users\gnslg\onedrive\바탕 화면\강의 폴더\2022 2학기\2022년 넷겜플\텀\netgame\server\x64\release\server.tlog\cl.command.1.tlog
c:\users\gnslg\onedrive\바탕 화면\강의 폴더\2022 2학기\2022년 넷겜플\텀\netgame\server\x64\release\server.tlog\cl.read.1.tlog
c:\users\gnslg\onedrive\바탕 화면\강의 폴더\2022 2학기\2022년 넷겜플\텀\netgame\server\x64\release\server.tlog\cl.write.1.tlog
c:\users\gnslg\onedrive\바탕 화면\강의 폴더\2022 2학기\2022년 넷겜플\텀\netgame\server\x64\release\server.tlog\link.command.1.tlog
c:\users\gnslg\onedrive\바탕 화면\강의 폴더\2022 2학기\2022년 넷겜플\텀\netgame\server\x64\release\server.tlog\link.read.1.tlog
c:\users\gnslg\onedrive\바탕 화면\강의 폴더\2022 2학기\2022년 넷겜플\텀\netgame\server\x64\release\server.tlog\link.write.1.tlog
c:\users\gnslg\onedrive\바탕 화면\강의 폴더\2022 2학기\2022년 넷겜플\텀\netgame\server\x64\release\server.tlog\link.write.2u.tlog
c:\users\gnslg\onedrive\바탕 화면\강의 폴더\2022 2학기\2022년 넷겜플\텀\netgame\server\x64\release\server.tlog\server.write.1u.tlog
