c:\users\gnslg\onedrive\바탕 화면\강의 폴더\2022 2학기\2022년 넷겜플\텀\netgame\물풍선 수정\win32project12\x64\release\win32project12.pch
c:\users\gnslg\onedrive\바탕 화면\강의 폴더\2022 2학기\2022년 넷겜플\텀\netgame\물풍선 수정\win32project12\x64\release\vc143.pdb
c:\users\gnslg\onedrive\바탕 화면\강의 폴더\2022 2학기\2022년 넷겜플\텀\netgame\물풍선 수정\win32project12\x64\release\stdafx.obj
c:\users\gnslg\onedrive\바탕 화면\강의 폴더\2022 2학기\2022년 넷겜플\텀\netgame\물풍선 수정\win32project12\x64\release\win32project12.obj
c:\users\gnslg\onedrive\바탕 화면\강의 폴더\2022 2학기\2022년 넷겜플\텀\netgame\물풍선 수정\win32project12\x64\release\waterstream.obj
c:\users\gnslg\onedrive\바탕 화면\강의 폴더\2022 2학기\2022년 넷겜플\텀\netgame\물풍선 수정\win32project12\x64\release\ui.obj
c:\users\gnslg\onedrive\바탕 화면\강의 폴더\2022 2학기\2022년 넷겜플\텀\netgame\물풍선 수정\win32project12\x64\release\player.obj
c:\users\gnslg\onedrive\바탕 화면\강의 폴더\2022 2학기\2022년 넷겜플\텀\netgame\물풍선 수정\win32project12\x64\release\obstacle.obj
c:\users\gnslg\onedrive\바탕 화면\강의 폴더\2022 2학기\2022년 넷겜플\텀\netgame\물풍선 수정\win32project12\x64\release\item.obj
c:\users\gnslg\onedrive\바탕 화면\강의 폴더\2022 2학기\2022년 넷겜플\텀\netgame\물풍선 수정\win32project12\x64\release\common.obj
c:\users\gnslg\onedrive\바탕 화면\강의 폴더\2022 2학기\2022년 넷겜플\텀\netgame\물풍선 수정\win32project12\x64\release\bmpmgr.obj
c:\users\gnslg\onedrive\바탕 화면\강의 폴더\2022 2학기\2022년 넷겜플\텀\netgame\물풍선 수정\win32project12\x64\release\block.obj
c:\users\gnslg\onedrive\바탕 화면\강의 폴더\2022 2학기\2022년 넷겜플\텀\netgame\물풍선 수정\win32project12\x64\release\bitmap.obj
c:\users\gnslg\onedrive\바탕 화면\강의 폴더\2022 2학기\2022년 넷겜플\텀\netgame\물풍선 수정\win32project12\x64\release\ballon.obj
c:\users\gnslg\onedrive\바탕 화면\강의 폴더\2022 2학기\2022년 넷겜플\텀\netgame\물풍선 수정\win32project12\x64\release\win32project12.ipdb
c:\users\gnslg\onedrive\바탕 화면\강의 폴더\2022 2학기\2022년 넷겜플\텀\netgame\물풍선 수정\win32project12\x64\release\win32project12.iobj
c:\users\gnslg\onedrive\바탕 화면\강의 폴더\2022 2학기\2022년 넷겜플\텀\netgame\물풍선 수정\win32project12\x64\release\win32project12.exe
c:\users\gnslg\onedrive\바탕 화면\강의 폴더\2022 2학기\2022년 넷겜플\텀\netgame\물풍선 수정\win32project12\x64\release\win32project12.pdb
c:\users\gnslg\onedrive\바탕 화면\강의 폴더\2022 2학기\2022년 넷겜플\텀\netgame\물풍선 수정\win32project12\x64\release\win32project12.res
c:\users\gnslg\onedrive\바탕 화면\강의 폴더\2022 2학기\2022년 넷겜플\텀\netgame\물풍선 수정\win32project12\x64\release\win32project12.tlog\cl.command.1.tlog
c:\users\gnslg\onedrive\바탕 화면\강의 폴더\2022 2학기\2022년 넷겜플\텀\netgame\물풍선 수정\win32project12\x64\release\win32project12.tlog\cl.read.1.tlog
c:\users\gnslg\onedrive\바탕 화면\강의 폴더\2022 2학기\2022년 넷겜플\텀\netgame\물풍선 수정\win32project12\x64\release\win32project12.tlog\cl.write.1.tlog
c:\users\gnslg\onedrive\바탕 화면\강의 폴더\2022 2학기\2022년 넷겜플\텀\netgame\물풍선 수정\win32project12\x64\release\win32project12.tlog\link.command.1.tlog
c:\users\gnslg\onedrive\바탕 화면\강의 폴더\2022 2학기\2022년 넷겜플\텀\netgame\물풍선 수정\win32project12\x64\release\win32project12.tlog\link.read.1.tlog
c:\users\gnslg\onedrive\바탕 화면\강의 폴더\2022 2학기\2022년 넷겜플\텀\netgame\물풍선 수정\win32project12\x64\release\win32project12.tlog\link.write.1.tlog
c:\users\gnslg\onedrive\바탕 화면\강의 폴더\2022 2학기\2022년 넷겜플\텀\netgame\물풍선 수정\win32project12\x64\release\win32project12.tlog\link.write.2u.tlog
c:\users\gnslg\onedrive\바탕 화면\강의 폴더\2022 2학기\2022년 넷겜플\텀\netgame\물풍선 수정\win32project12\x64\release\win32project12.tlog\rc.command.1.tlog
c:\users\gnslg\onedrive\바탕 화면\강의 폴더\2022 2학기\2022년 넷겜플\텀\netgame\물풍선 수정\win32project12\x64\release\win32project12.tlog\rc.read.1.tlog
c:\users\gnslg\onedrive\바탕 화면\강의 폴더\2022 2학기\2022년 넷겜플\텀\netgame\물풍선 수정\win32project12\x64\release\win32project12.tlog\rc.write.1.tlog
