  stdafx.cpp
C:\Users\gnslg\OneDrive\바탕 화면\강의 폴더\2022 2학기\2022년 넷겜플\텀\NetGame\물풍선 수정\Win32Project12\Ballon.h(54,24): warning C4244: '초기화 중': 'float'에서 'int'(으)로 변환하면서 데이터가 손실될 수 있습니다.
  Ballon.cpp
C:\Users\gnslg\OneDrive\바탕 화면\강의 폴더\2022 2학기\2022년 넷겜플\텀\NetGame\물풍선 수정\Win32Project12\Ballon.h(54,24): warning C4244: '초기화 중': 'float'에서 'int'(으)로 변환하면서 데이터가 손실될 수 있습니다.
  BitMap.cpp
  Block.cpp
  BmpMgr.cpp
  Common.cpp
  Item.cpp
  Obstacle.cpp
  Player.cpp
C:\Users\gnslg\OneDrive\바탕 화면\강의 폴더\2022 2학기\2022년 넷겜플\텀\NetGame\물풍선 수정\Win32Project12\Player.cpp(617,15): warning C4244: '+=': 'float'에서 'int'(으)로 변환하면서 데이터가 손실될 수 있습니다.
  UI.cpp
  WaterStream.cpp
C:\Users\gnslg\OneDrive\바탕 화면\강의 폴더\2022 2학기\2022년 넷겜플\텀\NetGame\물풍선 수정\Win32Project12\WaterStream.cpp(114,17): warning C4244: '-=': 'float'에서 'int'(으)로 변환하면서 데이터가 손실될 수 있습니다.
  Win32Project12.cpp
  코드를 생성하고 있습니다.
  5 of 537 functions ( 0.9%) were compiled, the rest were copied from previous compilation.
    0 functions were new in current compilation
    2 functions had inline decision re-evaluated but remain unchanged
  코드를 생성했습니다.
  Win32Project12.vcxproj -> C:\Users\gnslg\OneDrive\바탕 화면\강의 폴더\2022 2학기\2022년 넷겜플\텀\NetGame\물풍선 수정\Win32Project12\x64\Release\Win32Project12.exe
